<?xml version="1.0" encoding="UTF-8"?>
<testng-results ignored="0" total="1" passed="1" failed="0" skipped="0">
  <reporter-output>
  </reporter-output>
  <suite started-at="2021-02-08T17:44:00 GFT" name="Default suite" finished-at="2021-02-08T17:44:03 GFT" duration-ms="3429">
    <groups>
    </groups>
    <test started-at="2021-02-08T17:44:00 GFT" name="Default test" finished-at="2021-02-08T17:44:03 GFT" duration-ms="3429">
      <class name="tests.XMLSchemaValidation">
        <test-method signature="schemaValidation()[pri:0, instance:tests.XMLSchemaValidation@2f465398]" started-at="2021-02-08T17:44:00 GFT" name="schemaValidation" finished-at="2021-02-08T17:44:03 GFT" duration-ms="3392" status="PASS">
          <reporter-output>
          </reporter-output>
        </test-method> <!-- schemaValidation -->
      </class> <!-- tests.XMLSchemaValidation -->
    </test> <!-- Default test -->
  </suite> <!-- Default suite -->
</testng-results>
